Using pre-set license
Built from '2020.3/staging' branch; Version is '2020.3.30f1 (1fb1bf06830e) revision 2077119'; Using compiler version '192528614'; Build Type 'Release'
OS: 'Windows 10  (10.0.19044) 64bit Education' Language: 'en' Physical Memory: 16309 MB
BatchMode: 1, IsHumanControllingUs: 0, StartBugReporterOnCrash: 0, Is64bit: 1, IsPro: 0

COMMAND LINE ARGUMENTS:
C:\Program Files\Unity\Hub\Editor\2020.3.30f1\Editor\Unity.exe
-adb2
-batchMode
-noUpm
-name
AssetImportWorker0
-projectPath
C:/Users/STUDENT/Matias_RunnerGame
-logFile
Logs/AssetImportWorker0.log
-srvPort
63350
Successfully changed project path to: C:/Users/STUDENT/Matias_RunnerGame
C:/Users/STUDENT/Matias_RunnerGame
Using Asset Import Pipeline V2.
Refreshing native plugins compatible for Editor in 139.66 ms, found 2 plugins.
Preloading 0 native plugins for Editor in 0.00 ms.
Initialize engine version: 2020.3.30f1 (1fb1bf06830e)
[Subsystems] Discovering subsystems at path C:/Program Files/Unity/Hub/Editor/2020.3.30f1/Editor/Data/Resources/UnitySubsystems
[Subsystems] Discovering subsystems at path C:/Users/STUDENT/Matias_RunnerGame/Assets
GfxDevice: creating device client; threaded=0
Direct3D:
    Version:  Direct3D 11.0 [level 11.1]
    Renderer: NVIDIA GeForce GTX 1650 (ID=0x1f82)
    Vendor:   
    VRAM:     3962 MB
    Driver:   31.0.15.1694
Initialize mono
Mono path[0] = 'C:/Program Files/Unity/Hub/Editor/2020.3.30f1/Editor/Data/Managed'
Mono path[1] = 'C:/Program Files/Unity/Hub/Editor/2020.3.30f1/Editor/Data/MonoBleedingEdge/lib/mono/unityjit'
Mono config path = 'C:/Program Files/Unity/Hub/Editor/2020.3.30f1/Editor/Data/MonoBleedingEdge/etc'
Using monoOptions --debugger-agent=transport=dt_socket,embedding=1,server=y,suspend=n,address=127.0.0.1:56668
Begin MonoManager ReloadAssembly
Registering precompiled unity dll's ...
Register platform support module: C:/Program Files/Unity/Hub/Editor/2020.3.30f1/Editor/Data/PlaybackEngines/WebGLSupport/UnityEditor.WebGL.Extensions.dll
Register platform support module: C:/Program Files/Unity/Hub/Editor/2020.3.30f1/Editor/Data/PlaybackEngines/WindowsStandaloneSupport/UnityEditor.WindowsStandalone.Extensions.dll
Registered in 0.003287 seconds.
Native extension for WindowsStandalone target not found
Native extension for WebGL target not found
Refreshing native plugins compatible for Editor in 66.14 ms, found 2 plugins.
Preloading 0 native plugins for Editor in 0.00 ms.
Mono: successfully reloaded assembly
- Completed reload, in  0.670 seconds
Domain Reload Profiling:
	ReloadAssembly (670ms)
		BeginReloadAssembly (65ms)
			ExecutionOrderSort (0ms)
			DisableScriptedObjects (0ms)
			BackupInstance (0ms)
			ReleaseScriptingObjects (0ms)
			CreateAndSetChildDomain (1ms)
		EndReloadAssembly (526ms)
			LoadAssemblies (63ms)
			RebuildTransferFunctionScriptingTraits (0ms)
			SetupTypeCache (147ms)
			ReleaseScriptCaches (0ms)
			RebuildScriptCaches (26ms)
			SetupLoadedEditorAssemblies (235ms)
				LogAssemblyErrors (0ms)
				InitializePlatformSupportModulesInManaged (6ms)
				SetLoadedEditorAssemblies (0ms)
				RefreshPlugins (66ms)
				BeforeProcessingInitializeOnLoad (19ms)
				ProcessInitializeOnLoadAttributes (105ms)
				ProcessInitializeOnLoadMethodAttributes (37ms)
				AfterProcessingInitializeOnLoad (0ms)
				EditorAssembliesLoaded (0ms)
			ExecutionOrderSort2 (0ms)
			AwakeInstancesAfterBackupRestoration (0ms)
Platform modules already initialized, skipping
Registering precompiled user dll's ...
Registered in 0.003900 seconds.
Unknown error occurred while loading 'Library/Artifacts/ce/ce6e2794424b8c55fb42575828cbbf31'.
Begin MonoManager ReloadAssembly
Native extension for WindowsStandalone target not found
Native extension for WebGL target not found
Refreshing native plugins compatible for Editor in 43.96 ms, found 2 plugins.
Preloading 0 native plugins for Editor in 0.00 ms.
Mono: successfully reloaded assembly
- Completed reload, in  0.948 seconds
Domain Reload Profiling:
	ReloadAssembly (949ms)
		BeginReloadAssembly (151ms)
			ExecutionOrderSort (0ms)
			DisableScriptedObjects (5ms)
			BackupInstance (0ms)
			ReleaseScriptingObjects (0ms)
			CreateAndSetChildDomain (24ms)
		EndReloadAssembly (732ms)
			LoadAssemblies (110ms)
			RebuildTransferFunctionScriptingTraits (0ms)
			SetupTypeCache (227ms)
			ReleaseScriptCaches (1ms)
			RebuildScriptCaches (32ms)
			SetupLoadedEditorAssemblies (294ms)
				LogAssemblyErrors (0ms)
				InitializePlatformSupportModulesInManaged (4ms)
				SetLoadedEditorAssemblies (0ms)
				RefreshPlugins (44ms)
				BeforeProcessingInitializeOnLoad (77ms)
				ProcessInitializeOnLoadAttributes (157ms)
				ProcessInitializeOnLoadMethodAttributes (8ms)
				AfterProcessingInitializeOnLoad (5ms)
				EditorAssembliesLoaded (0ms)
			ExecutionOrderSort2 (0ms)
			AwakeInstancesAfterBackupRestoration (5ms)
Platform modules already initialized, skipping
========================================================================
Worker process is ready to serve import requests
Launched and connected shader compiler UnityShaderCompiler.exe after 0.03 seconds
Refreshing native plugins compatible for Editor in 0.55 ms, found 2 plugins.
Preloading 0 native plugins for Editor in 0.00 ms.
Unloading 2809 Unused Serialized files (Serialized files now loaded: 0)
System memory in use before: 126.2 MB.
System memory in use after: 126.4 MB.

Unloading 17 unused Assets to reduce memory usage. Loaded Objects now: 3242.
Total: 2.379900 ms (FindLiveObjects: 0.187700 ms CreateObjectMapping: 0.069900 ms MarkObjects: 2.065300 ms  DeleteObjects: 0.056200 ms)

AssetImportParameters requested are different than current active one (requested -> active):
  custom:framework-win-MediaFoundation: 216162199b28c13a410421893ffa2e32 -> 
  custom:video-decoder-ogg-theora: a1e56fd34408186e4bbccfd4996cb3dc -> 
  custom:container-muxer-webm: aa71ff27fc2769a1b78a27578f13a17b -> 
  custom:container-demuxer-webm: 4f35f7cbe854078d1ac9338744f61a02 -> 
  custom:container-demuxer-ogg: 62fdf1f143b41e24485cea50d1cbac27 -> 
  custom:video-encoder-webm-vp8: eb34c28f22e8b96e1ab97ce403110664 -> 
  custom:video-decoder-webm-vp8: 9c59270c3fd7afecdb556c50c9e8de78 -> 
  custom:audio-decoder-ogg-vorbis: bf7c407c2cedff20999df2af8eb42d56 -> 
  custom:audio-encoder-webm-vorbis: bf7c407c2cedff20999df2af8eb42d56 -> 
========================================================================
Received Import Request.
  path: Assets/Readme.asset
  artifactKey: Guid(83c2ed844a8c74b779a4c823d16594b1) Importer(815301076,1909f56bfc062723c751e8b465ee728b)
Start importing Assets/Readme.asset using Guid(83c2ed844a8c74b779a4c823d16594b1) Importer(815301076,1909f56bfc062723c751e8b465ee728b)  -> (artifact id: '8ffd2c44ffeb50c574abb5d0c4453328') in 0.040461 seconds 
========================================================================
Received Import Request.
  Time since last request: 87.880661 seconds.
  path: Assets/Scripts
  artifactKey: Guid(02a3527b6b33a924e8ec66aa805ea717) Importer(815301076,1909f56bfc062723c751e8b465ee728b)
Start importing Assets/Scripts using Guid(02a3527b6b33a924e8ec66aa805ea717) Importer(815301076,1909f56bfc062723c751e8b465ee728b)  -> (artifact id: 'f0a913a0049096cde5d6a727232f232f') in 0.004391 seconds 
========================================================================
Received Import Request.
  Time since last request: 0.625598 seconds.
  path: Assets/GameProg3_Runner
  artifactKey: Guid(8b5fdf9c753f6ad4d8a0930f77de0708) Importer(815301076,1909f56bfc062723c751e8b465ee728b)
Start importing Assets/GameProg3_Runner using Guid(8b5fdf9c753f6ad4d8a0930f77de0708) Importer(815301076,1909f56bfc062723c751e8b465ee728b)  -> (artifact id: 'd6cb70808455edc94057b6497a39c734') in 0.004517 seconds 
========================================================================
Received Import Request.
  Time since last request: 0.105254 seconds.
  path: Assets/GameProg3_Runner/Obstacles.blend
  artifactKey: Guid(61cdd1ff88aae8e44ad2b89e0da6acd8) Importer(815301076,1909f56bfc062723c751e8b465ee728b)
Start importing Assets/GameProg3_Runner/Obstacles.blend using Guid(61cdd1ff88aae8e44ad2b89e0da6acd8) Importer(815301076,1909f56bfc062723c751e8b465ee728b)  -> (artifact id: '76b8e299396cf654d689449190cc0d05') in 0.604738 seconds 
========================================================================
Received Import Request.
  Time since last request: 3.531506 seconds.
  path: Assets/GameProg3_Runner/RealToon URP (URP 12 and 13).unitypackage
  artifactKey: Guid(aa86181815c581b4fade9922500c0b90) Importer(815301076,1909f56bfc062723c751e8b465ee728b)
Start importing Assets/GameProg3_Runner/RealToon URP (URP 12 and 13).unitypackage using Guid(aa86181815c581b4fade9922500c0b90) Importer(815301076,1909f56bfc062723c751e8b465ee728b)  -> (artifact id: '0612fc6ae03b004473a26dbaafe1cd6d') in 0.005815 seconds 
========================================================================
Received Import Request.
  Time since last request: 0.506073 seconds.
  path: Assets/GameProg3_Runner/SawObstacle.unitypackage
  artifactKey: Guid(063449b332d6d194793272196c4dafbb) Importer(815301076,1909f56bfc062723c751e8b465ee728b)
Start importing Assets/GameProg3_Runner/SawObstacle.unitypackage using Guid(063449b332d6d194793272196c4dafbb) Importer(815301076,1909f56bfc062723c751e8b465ee728b)  -> (artifact id: '9d2366a0ba4e4ec0d5ed77c0ce801bb5') in 0.004827 seconds 
========================================================================
Received Import Request.
  Time since last request: 0.442866 seconds.
  path: Assets/GameProg3_Runner/PendulumObstacle.unitypackage
  artifactKey: Guid(6a6d54b5c51fb234a936625c5338190b) Importer(815301076,1909f56bfc062723c751e8b465ee728b)
Start importing Assets/GameProg3_Runner/PendulumObstacle.unitypackage using Guid(6a6d54b5c51fb234a936625c5338190b) Importer(815301076,1909f56bfc062723c751e8b465ee728b)  -> (artifact id: 'a00d8cdcb5e84186bcb4b4eb434e1e83') in 0.004651 seconds 
========================================================================
Received Import Request.
  Time since last request: 0.657857 seconds.
  path: Assets/GameProg3_Runner/Balloon_Player.unitypackage
  artifactKey: Guid(c830230c33978af49976301f13840f01) Importer(815301076,1909f56bfc062723c751e8b465ee728b)
Start importing Assets/GameProg3_Runner/Balloon_Player.unitypackage using Guid(c830230c33978af49976301f13840f01) Importer(815301076,1909f56bfc062723c751e8b465ee728b)  -> (artifact id: '8d465c8126a4056f748719c3331c7f21') in 0.004975 seconds 
AssetImportWorkerClient::OnTransportError - code=2 error=End of file
